c:\users\marsm\src\snippets\intro to parallel programming\problem sets\problem set 1\cuda_hw1\cuda_hw1\x64\debug\vc140.pdb
c:\users\marsm\src\snippets\intro to parallel programming\problem sets\problem set 1\cuda_hw1\cuda_hw1\x64\debug\vc140.idb
c:\users\marsm\src\snippets\intro to parallel programming\problem sets\problem set 1\cuda_hw1\cuda_hw1\x64\debug\compare.obj
c:\users\marsm\src\snippets\intro to parallel programming\problem sets\problem set 1\cuda_hw1\cuda_hw1\x64\debug\hw1.obj
c:\users\marsm\src\snippets\intro to parallel programming\problem sets\problem set 1\cuda_hw1\cuda_hw1\x64\debug\main.obj
c:\users\marsm\src\snippets\intro to parallel programming\problem sets\problem set 1\cuda_hw1\cuda_hw1\x64\debug\reference_calc.obj
c:\users\marsm\src\snippets\intro to parallel programming\problem sets\problem set 1\cuda_hw1\cuda_hw1\x64\debug\kernel.cu.cache
c:\users\marsm\src\snippets\intro to parallel programming\problem sets\problem set 1\cuda_hw1\cuda_hw1\x64\debug\student_func.cu.cache
c:\users\marsm\src\snippets\intro to parallel programming\problem sets\problem set 1\cuda_hw1\cuda_hw1\x64\debug\kernel.cu.obj
c:\users\marsm\src\snippets\intro to parallel programming\problem sets\problem set 1\cuda_hw1\cuda_hw1\x64\debug\student_func.cu.obj
c:\users\marsm\src\snippets\intro to parallel programming\problem sets\problem set 1\cuda_hw1\x64\debug\cuda_hw1.pdb
c:\users\marsm\src\snippets\intro to parallel programming\problem sets\problem set 1\cuda_hw1\cuda_hw1\x64\debug\cuda_hw1.tlog\cl.command.1.tlog
c:\users\marsm\src\snippets\intro to parallel programming\problem sets\problem set 1\cuda_hw1\cuda_hw1\x64\debug\cuda_hw1.tlog\cl.read.1.tlog
c:\users\marsm\src\snippets\intro to parallel programming\problem sets\problem set 1\cuda_hw1\cuda_hw1\x64\debug\cuda_hw1.tlog\cl.write.1.tlog
c:\users\marsm\src\snippets\intro to parallel programming\problem sets\problem set 1\cuda_hw1\cuda_hw1\x64\debug\cuda_hw1.tlog\link-cvtres.read.1.tlog
c:\users\marsm\src\snippets\intro to parallel programming\problem sets\problem set 1\cuda_hw1\cuda_hw1\x64\debug\cuda_hw1.tlog\link-cvtres.write.1.tlog
c:\users\marsm\src\snippets\intro to parallel programming\problem sets\problem set 1\cuda_hw1\cuda_hw1\x64\debug\cuda_hw1.tlog\link-rc.read.1.tlog
c:\users\marsm\src\snippets\intro to parallel programming\problem sets\problem set 1\cuda_hw1\cuda_hw1\x64\debug\cuda_hw1.tlog\link-rc.write.1.tlog
c:\users\marsm\src\snippets\intro to parallel programming\problem sets\problem set 1\cuda_hw1\cuda_hw1\x64\debug\cuda_hw1.tlog\link.command.1.tlog
c:\users\marsm\src\snippets\intro to parallel programming\problem sets\problem set 1\cuda_hw1\cuda_hw1\x64\debug\cuda_hw1.tlog\link.read.1.tlog
c:\users\marsm\src\snippets\intro to parallel programming\problem sets\problem set 1\cuda_hw1\cuda_hw1\x64\debug\cuda_hw1.tlog\link.write.1.tlog
